TN:
SF:src/index.js
FN:2,reverse
FNF:1
FNH:1
FNDA:2,reverse
DA:3,2
DA:4,1
LF:2
LH:2
BRDA:3,0,0,1
BRDA:3,0,1,1
BRF:2
BRH:2
end_of_record
TN:
SF:src/index2.js
FN:2,Student
FN:8,Teacher
FN:14,SchoolService
FN:15,(anonymous_3)
FN:25,(anonymous_4)
FN:40,(anonymous_5)
FN:52,(anonymous_6)
FN:64,(anonymous_7)
FNF:8
FNH:6
FNDA:0,Student
FNDA:35,Teacher
FNDA:3,SchoolService
FNDA:7,(anonymous_3)
FNDA:0,(anonymous_4)
FNDA:2,(anonymous_5)
FNDA:1,(anonymous_6)
FNDA:35786,(anonymous_7)
DA:3,0
DA:4,0
DA:5,0
DA:6,0
DA:9,35
DA:10,35
DA:11,35
DA:15,3
DA:16,7
DA:17,7
DA:18,35
DA:19,35
DA:20,35
DA:21,35
DA:23,7
DA:25,3
DA:26,0
DA:27,0
DA:28,0
DA:29,0
DA:30,0
DA:31,0
DA:32,0
DA:33,0
DA:34,0
DA:35,0
DA:36,0
DA:38,0
DA:40,3
DA:41,2
DA:42,2
DA:43,2
DA:44,7
DA:45,7
DA:46,1
DA:47,1
DA:50,2
DA:52,3
DA:53,1
DA:54,1
DA:55,0
DA:56,0
DA:57,0
DA:58,0
DA:59,0
DA:62,0
DA:64,3
DA:65,35786
DA:66,35786
DA:67,0
DA:68,0
DA:69,0
DA:70,0
DA:73,0
LF:54
LH:27
BRDA:45,0,0,1
BRDA:45,0,1,6
BRDA:57,1,0,0
BRDA:57,1,1,0
BRDA:69,2,0,0
BRDA:69,2,1,0
BRDA:69,3,0,0
BRDA:69,3,1,0
BRF:8
BRH:2
end_of_record
TN:
SF:src/lib/calculator.js
FN:5,(anonymous_0)
FN:6,(anonymous_1)
FN:9,(anonymous_2)
FN:13,(anonymous_3)
FNF:4
FNH:4
FNDA:1,(anonymous_0)
FNDA:6,(anonymous_1)
FNDA:3,(anonymous_2)
FNDA:3,(anonymous_3)
DA:3,1
DA:5,1
DA:6,1
DA:7,6
DA:9,1
DA:10,3
DA:11,3
DA:13,1
DA:14,3
LF:9
LH:9
BRDA:3,0,0,1
BRDA:3,0,1,1
BRDA:11,1,0,2
BRDA:11,1,1,1
BRF:4
BRH:4
end_of_record
